0 info it worked if it ends with ok
1 verbose cli [ '/usr/local/bin/node', '/usr/local/bin/npm', 'publish' ]
2 info using npm@3.10.8
3 info using node@v6.9.1
4 verbose publish [ '.' ]
5 silly cache add args [ '.', null ]
6 verbose cache add spec .
7 silly cache add parsed spec Result {
7 silly cache add   raw: '.',
7 silly cache add   scope: null,
7 silly cache add   escapedName: null,
7 silly cache add   name: null,
7 silly cache add   rawSpec: '.',
7 silly cache add   spec: '/Users/huangzhibiao/soft/studypro/project/generator-angular-gulp/generator-angular-gulp-coffee-jade-scss',
7 silly cache add   type: 'directory' }
8 verbose addLocalDirectory /Users/huangzhibiao/.npm/generator-angular-gulp-coffee-jade-scss/1.0.0/package.tgz not in flight; packing
9 verbose correctMkdir /Users/huangzhibiao/.npm correctMkdir not in flight; initializing
10 info lifecycle generator-angular-gulp-coffee-jade-scss@1.0.0~prepublish: generator-angular-gulp-coffee-jade-scss@1.0.0
11 verbose lifecycle generator-angular-gulp-coffee-jade-scss@1.0.0~prepublish: unsafe-perm in lifecycle true
12 verbose lifecycle generator-angular-gulp-coffee-jade-scss@1.0.0~prepublish: PATH: /usr/local/lib/node_modules/npm/bin/node-gyp-bin:/Users/huangzhibiao/soft/studypro/project/generator-angular-gulp/generator-angular-gulp-coffee-jade-scss/node_modules/.bin:/usr/local/heroku/bin:/usr/local/Cellar/android-sdk/24.0.2//tools:/usr/local/bin:/usr/local/sbin:/usr/local/bin:/usr/bin:/bin:/usr/sbin:/sbin:/opt/X11/bin
13 verbose lifecycle generator-angular-gulp-coffee-jade-scss@1.0.0~prepublish: CWD: /Users/huangzhibiao/soft/studypro/project/generator-angular-gulp/generator-angular-gulp-coffee-jade-scss
14 silly lifecycle generator-angular-gulp-coffee-jade-scss@1.0.0~prepublish: Args: [ '-c', 'gulp prepublish' ]
15 silly lifecycle generator-angular-gulp-coffee-jade-scss@1.0.0~prepublish: Returned: code: 1  signal: null
16 info lifecycle generator-angular-gulp-coffee-jade-scss@1.0.0~prepublish: Failed to exec prepublish script
17 error addLocal Could not install /Users/huangzhibiao/soft/studypro/project/generator-angular-gulp/generator-angular-gulp-coffee-jade-scss
18 verbose stack Error: generator-angular-gulp-coffee-jade-scss@1.0.0 prepublish: `gulp prepublish`
18 verbose stack Exit status 1
18 verbose stack     at EventEmitter.<anonymous> (/usr/local/lib/node_modules/npm/lib/utils/lifecycle.js:255:16)
18 verbose stack     at emitTwo (events.js:106:13)
18 verbose stack     at EventEmitter.emit (events.js:191:7)
18 verbose stack     at ChildProcess.<anonymous> (/usr/local/lib/node_modules/npm/lib/utils/spawn.js:40:14)
18 verbose stack     at emitTwo (events.js:106:13)
18 verbose stack     at ChildProcess.emit (events.js:191:7)
18 verbose stack     at maybeClose (internal/child_process.js:877:16)
18 verbose stack     at Process.ChildProcess._handle.onexit (internal/child_process.js:226:5)
19 verbose pkgid generator-angular-gulp-coffee-jade-scss@1.0.0
20 verbose cwd /Users/huangzhibiao/soft/studypro/project/generator-angular-gulp/generator-angular-gulp-coffee-jade-scss
21 error Darwin 15.5.0
22 error argv "/usr/local/bin/node" "/usr/local/bin/npm" "publish"
23 error node v6.9.1
24 error npm  v3.10.8
25 error code ELIFECYCLE
26 error generator-angular-gulp-coffee-jade-scss@1.0.0 prepublish: `gulp prepublish`
26 error Exit status 1
27 error Failed at the generator-angular-gulp-coffee-jade-scss@1.0.0 prepublish script 'gulp prepublish'.
27 error Make sure you have the latest version of node.js and npm installed.
27 error If you do, this is most likely a problem with the generator-angular-gulp-coffee-jade-scss package,
27 error not with npm itself.
27 error Tell the author that this fails on your system:
27 error     gulp prepublish
27 error You can get information on how to open an issue for this project with:
27 error     npm bugs generator-angular-gulp-coffee-jade-scss
27 error Or if that isn't available, you can get their info via:
27 error     npm owner ls generator-angular-gulp-coffee-jade-scss
27 error There is likely additional logging output above.
28 verbose exit [ 1, true ]
